(---------------------------------------------------------------------)
(                                                                     )
(    NC ROUTE Log                                                     )
(                                                                     )
(    Drawing          : TRS80_POWER2.brd                              )
(    Software Version : 16.6S021                                      )
(    Date/Time        : Thu Jul 10 10:36:42 2014                      )
(                                                                     )
(---------------------------------------------------------------------)



 Processing NC Parameters file 'nc_param.txt' ...

 NC PARAMETERS
 -------------

 FORMAT   		2.5
 MACHINE-OFFSET		x:0.000000	y:0.000000
 FEEDRATE		1
 COORDINATES		ABSOLUTE
 OUTPUT-UNITS		ENGLISH
 TOOL-ORDER		INCREASING
 REPEAT-CODES		YES
 SUPPRESS-LEAD-ZEROES	NO
 SUPPRESS-TRAIL-ZEROES	NO
 SUPPRESS-EQUAL		NO
 TOOL-SELECT		YES
 HEADER			none
 LEADER			12
 CODE			ASCII
 SEPARATE		YES
 SEPARATE-ROUTING	NO
 OPTIMIZE_DRILLING	NO
 ENHANCED_EXCELLON	YES
 SCALE			1.000000


 WARNING(SPMHMF-326): Cannot find NC Route bit tool file 'ncroutebits.txt'
 WARNING(SPMHMF-327): ... will auto-generate bit tool file 'ncroutebits_auto.txt'.

 Auto-generating tool file 'ncroutebits_auto.txt' ...

     39.370  T01       

-------------------------------------------------------------

 Pre_processing route path data ...

 WARNING(SPMHMF-296): No route path data was found for processing.


-------------------------------------------------------------

 Processing slot hole data ...

 WARNING(SPMHMF-318): No toolcode of a size smaller than 20.870000 found for a RECTANGLE slot ... Defaulting to T01.

 WARNING(SPMHMF-318): No toolcode of a size smaller than 20.870000 found for a RECTANGLE slot ... Defaulting to T01.

 WARNING(SPMHMF-318): No toolcode of a size smaller than 20.870000 found for a RECTANGLE slot ... Defaulting to T01.

 WARNING(SPMHMF-318): No toolcode of a size smaller than 20.870000 found for a RECTANGLE slot ... Defaulting to T01.

 OVAL      slots routed: 6
 RECTANGLE slots routed: 8

-------------------------------------------------------------

 NC Route file 'TRS80_POWER2.rou' created ...

-------------------------------------------------------------

 Program completed WITH WARNINGS.

