(---------------------------------------------------------------------)
(                                                                     )
(    Allegro Netrev Import Logic                                      )
(                                                                     )
(    Drawing          : TRS80_POWER2.brd                              )
(    Software Version : 16.6S021                                      )
(    Date/Time        : Thu Jul 10 10:00:23 2014                      )
(                                                                     )
(---------------------------------------------------------------------)


------ Directives ------

RIPUP_ETCH FALSE;
RIPUP_DELETE_FIRST_SEGMENT FALSE;
RIPUP_RETAIN_BONDWIRE FALSE;
RIPUP_SYMBOLS ALWAYS;
Missing symbol has error FALSE;
SCHEMATIC_DIRECTORY 'C:\ORCAD\PROJECTS\TRS80_POWER\allegro';
BOARD_DIRECTORY '';
OLD_BOARD_NAME 'C:/ORCAD/PROJECTS/TRS80_POWER/allegro/TRS80_POWER2.brd';
NEW_BOARD_NAME 'C:/ORCAD/PROJECTS/TRS80_POWER/allegro/TRS80_POWER2.brd';

CmdLine: netrev.exe -y 1 -i C:\ORCAD\PROJECTS\TRS80_POWER\allegro C:\ORCAD\PROJECTS\TRS80_POWER\allegro\TRS80_POWER2.brd C:\ORCAD\PROJECTS\TRS80_POWER\allegro\TRS80_POWER2.brd

------ Preparing to read pst files ------

Starting to read C:/ORCAD/PROJECTS/TRS80_POWER/allegro/pstchip.dat 
   Finished reading C:/ORCAD/PROJECTS/TRS80_POWER/allegro/pstchip.dat (00:00:00.02)
Starting to read C:/ORCAD/PROJECTS/TRS80_POWER/allegro/pstxprt.dat 
   Finished reading C:/ORCAD/PROJECTS/TRS80_POWER/allegro/pstxprt.dat (00:00:00.00)
Starting to read C:/ORCAD/PROJECTS/TRS80_POWER/allegro/pstxnet.dat 
   Finished reading C:/ORCAD/PROJECTS/TRS80_POWER/allegro/pstxnet.dat (00:00:00.00)

------ Oversights/Warnings/Errors ------


------ Library Paths ------
MODULEPATH =  C:/ORCAD/pcb_symbols/ 
           . 
           C:/Cadence/SPB_16.6/share/local/pcb/modules 

PSMPATH =  C:/ORCAD/pcb_symbols/ 
           . 
           symbols 
           .. 
           ../symbols 
           C:/Cadence/SPB_16.6/share/local/pcb/symbols 
           C:/Cadence/SPB_16.6/share/pcb/pcb_lib/symbols 
           C:/Cadence/SPB_16.6/share/pcb/allegrolib/symbols 

PADPATH =  C:/ORCAD/pcb_symbols/ 
           . 
           symbols 
           .. 
           ../symbols 
           C:/Cadence/SPB_16.6/share/local/pcb/padstacks 
           C:/Cadence/SPB_16.6/share/pcb/pcb_lib/symbols 
           C:/Cadence/SPB_16.6/share/pcb/allegrolib/symbols 


------ Summary Statistics ------


netrev run on Jul 10 10:00:23 2014
   DESIGN NAME : 'TRS80_POWER'
   PACKAGING ON Oct 28 2013 13:12:55

   COMPILE 'logic'
   CHECK_PIN_NAMES OFF
   CROSS_REFERENCE OFF
   FEEDBACK OFF
   INCREMENTAL OFF
   INTERFACE_TYPE PHYSICAL
   MAX_ERRORS 500
   MERGE_MINIMUM 5
   NET_NAME_CHARS '#%&()*+-./:=>?@[]^_`|'
   NET_NAME_LENGTH 24
   OVERSIGHTS ON
   REPLACE_CHECK OFF
   SINGLE_NODE_NETS ON
   SPLIT_MINIMUM 0
   SUPPRESS   20
   WARNINGS ON

 No error detected
 No oversight detected
 No warning detected

cpu time      0:05:23
elapsed time  0:00:04

