(---------------------------------------------------------------------)
(                                                                     )
(    ARTWORK LOG                                                      )
(                                                                     )
(    Drawing          : TRS80_POWER2.brd                              )
(    Software Version : 16.6S021                                      )
(    Date/Time        : Thu Jul 10 10:32:45 2014                      )
(                                                                     )
(---------------------------------------------------------------------)


 ---- Photoplot outline rectangle not found; using drawing extents.



Results from parameter file ...
    DEVICE-TYPE           GERBER_RS274X
    OUTPUT-UNITS          INCHES
    FILM-SIZE             2400000 1600000
    FORMAT                2.5
    ABORT-ON-ERROR        NO
    SCALE                 1
    SUPPRESS-LEAD-ZEROES  YES
    SUPPRESS-TRAIL-ZEROES NO
    SUPPRESS-EQUAL        YES
    UNDEF-APT-CONT        NO


================================================================
     PROCESSING FILM < PROMASK_BOTTOM >
     TO FILE < C:/ORCAD/PROJECTS/TRS80_POWER/allegro/PROMASK_BOTTOM.art > ...
================================================================

  FILM PARAMETERS :
  ---------------------------------------------------------
  Undefined line width                0.000
  Mirror code                         NONE
  Rotate angle                        NONE
  Offset x:                           0.000
  Offset y:                           0.000
  Plot negative                       NO
  Suppress unconnected internal pads  NO
  Draw holes only                     NO



  APERTURES USED:
  ---------------------------------------------------------
  TYPE       SIZE/NAME                   ROT   MIRROR MODE 
  ---------------------------------------------------------
  CIRCLE     0.07283                                  DARK 
  CIRCLE     0.07874                                  DARK 
  CIRCLE     0.13780                                  DARK 
  CIRCLE     0.21000                                  DARK 
  SQUARE     0.07283                     0.000 NO     DARK 
  SQUARE     0.07874                     0.000 NO     DARK 

     PROMASK_BOTTOM created.


================================================================
     PROCESSING FILM < TOP >
     TO FILE < C:/ORCAD/PROJECTS/TRS80_POWER/allegro/TOP.art > ...
================================================================

  FILM PARAMETERS :
  ---------------------------------------------------------
  Undefined line width                0.000
  Mirror code                         NONE
  Rotate angle                        NONE
  Offset x:                           0.000
  Offset y:                           0.000
  Plot negative                       NO
  Suppress unconnected internal pads  YES
  Draw holes only                     NO

    WARNING: Film contains objects with associated DRCs (3).
           In the design editor view this film and enable visibility for the
           associated DRC layer. Verify the DRCs are approved exceptions to your rules.


  APERTURES USED:
  ---------------------------------------------------------
  TYPE       SIZE/NAME                   ROT   MIRROR MODE 
  ---------------------------------------------------------
  CIRCLE     0.04500                                  DARK 
  CIRCLE     0.06890                                  DARK 
  CIRCLE     0.07874                                  DARK 
  CIRCLE     0.13780                                  DARK 
  CIRCLE     0.20000                                  DARK 
  CIRCLE     0.27165                                  DARK 
  SQUARE     0.06890                     0.000 NO     DARK 
  RECTANGLE  0.07874     x 0.15748       0.000 NO     DARK 
  RECTANGLE  0.07874     x 0.15748      90.000 NO     DARK 
  RECTANGLE  0.15000     x 0.10000       0.000 NO     DARK 
  OBLONG     0.09843     x 0.07874       0.000 NO     DARK 

     TOP created with warnings


================================================================
     PROCESSING FILM < BOTTOM >
     TO FILE < C:/ORCAD/PROJECTS/TRS80_POWER/allegro/BOTTOM.art > ...
================================================================

  FILM PARAMETERS :
  ---------------------------------------------------------
  Undefined line width                0.000
  Mirror code                         NONE
  Rotate angle                        NONE
  Offset x:                           0.000
  Offset y:                           0.000
  Plot negative                       NO
  Suppress unconnected internal pads  NO
  Draw holes only                     NO

    WARNING: Film contains objects with associated DRCs (7).
           In the design editor view this film and enable visibility for the
           associated DRC layer. Verify the DRCs are approved exceptions to your rules.


  APERTURES USED:
  ---------------------------------------------------------
  TYPE       SIZE/NAME                   ROT   MIRROR MODE 
  ---------------------------------------------------------
  CIRCLE     0.04500                                  DARK 
  CIRCLE     0.06890                                  DARK 
  CIRCLE     0.07874                                  DARK 
  CIRCLE     0.13780                                  DARK 
  CIRCLE     0.20000                                  DARK 
  CIRCLE     0.27165                                  DARK 
  SQUARE     0.06890                     0.000 NO     DARK 
  SQUARE     0.07874                     0.000 NO     DARK 
  RECTANGLE  0.15000     x 0.10000       0.000 NO     DARK 
  OBLONG     0.09843     x 0.07874       0.000 NO     DARK 

     BOTTOM created with warnings


================================================================
     PROCESSING FILM < SILK >
     TO FILE < C:/ORCAD/PROJECTS/TRS80_POWER/allegro/SILK.art > ...
================================================================

  FILM PARAMETERS :
  ---------------------------------------------------------
  Undefined line width                10.000
  Mirror code                         NONE
  Rotate angle                        NONE
  Offset x:                           0.000
  Offset y:                           0.000
  Plot negative                       NO
  Suppress unconnected internal pads  NO
  Draw holes only                     NO



  APERTURES USED:  NONE
     SILK created.


================================================================
     PROCESSING FILM < PROMASK >
     TO FILE < C:/ORCAD/PROJECTS/TRS80_POWER/allegro/PROMASK.art > ...
================================================================

  FILM PARAMETERS :
  ---------------------------------------------------------
  Undefined line width                0.000
  Mirror code                         NONE
  Rotate angle                        NONE
  Offset x:                           0.000
  Offset y:                           0.000
  Plot negative                       NO
  Suppress unconnected internal pads  NO
  Draw holes only                     NO



  APERTURES USED:
  ---------------------------------------------------------
  TYPE       SIZE/NAME                   ROT   MIRROR MODE 
  ---------------------------------------------------------
  CIRCLE     0.07283                                  DARK 
  CIRCLE     0.07874                                  DARK 
  CIRCLE     0.13780                                  DARK 
  CIRCLE     0.21000                                  DARK 
  SQUARE     0.07283                     0.000 NO     DARK 
  RECTANGLE  0.07874     x 0.15748       0.000 NO     DARK 
  RECTANGLE  0.07874     x 0.15748      90.000 NO     DARK 

     PROMASK created.


================================================================
     PROCESSING FILM < PASTE >
     TO FILE < C:/ORCAD/PROJECTS/TRS80_POWER/allegro/PASTE.art > ...
================================================================

  FILM PARAMETERS :
  ---------------------------------------------------------
  Undefined line width                0.000
  Mirror code                         NONE
  Rotate angle                        NONE
  Offset x:                           0.000
  Offset y:                           0.000
  Plot negative                       NO
  Suppress unconnected internal pads  NO
  Draw holes only                     NO



  APERTURES USED:  NONE
     PASTE created.


------------------------------------------------------
 SUMMARY:
        PROMASK_BOTTOM created.
        TOP created with warnings
        BOTTOM created with warnings
        SILK created.
        PROMASK created.
        PASTE created.

 ARTWORK had warnings
