Thu Jul 10 09:18:16 2014				Page     1


 
Update Symbols/Modules Logfile
	Thu Jul 10 09:18:16 2014

------ Module Refresh Messages ------

SUMMARY:    Updated 0 out of 0 modules

------ End Module Messages     ------



(---------------------------------------------------------------------)
(                                                                     )
(    Refresh Symbol                                                   )
(                                                                     )
(    Drawing          : TRS80_POWER2.brd                              )
(    Software Version : 16.6S021                                      )
(    Date/Time        : Thu Jul 10 09:18:17 2014                      )
(                                                                     )
(---------------------------------------------------------------------)


Thu Jul 10 09:18:17 2014				Page     1


------ Symbol Refresh Directives ------

Input design = 'C:/ORCAD/PROJECTS/TRS80_POWER/allegro/TRS80_POWER2.brd'
Output design = ''
Update mechanical symbols = 'NO'
Update format symbols = 'NO'
Update package symbols = 'NO'
Update shape/flash symbols = 'NO'
Update symbol padstacks = 'YES'
Reset symbol text and size locations = 'NO'
Reset Pin Escapes (fanouts) = 'NO'
Ripup Etch = 'NO'
Reset custom drill data = 'NO'
Symbol list file = 'C:/Users/tbriggs/AppData/Local/Temp/#Taaaaav02100.tmp'


------ Library Paths ------
PSMPATH =  C:/ORCAD/pcb_symbols/ 
           . 
           symbols 
           .. 
           ../symbols 
           C:/Cadence/SPB_16.6/share/local/pcb/symbols 
           C:/Cadence/SPB_16.6/share/pcb/pcb_lib/symbols 
           C:/Cadence/SPB_16.6/share/pcb/allegrolib/symbols 

PADPATH =  C:/ORCAD/pcb_symbols/ 
           . 
           symbols 
           .. 
           ../symbols 
           C:/Cadence/SPB_16.6/share/local/pcb/padstacks 
           C:/Cadence/SPB_16.6/share/pcb/pcb_lib/symbols 
           C:/Cadence/SPB_16.6/share/pcb/allegrolib/symbols 


------ Symbol Refresh Messages ------

'MOUNT_TH'  symbol refreshed successfully.


------ Pad Stack Refresh Messages ------

'TH_MOUNT_PAD'  pad stack refreshed successfully.


----- Symbol Update Summary ----

Updated symbols: 1 out 1
    Design updated.

